<?xml version="1.0" encoding="UTF-8"?>
<!-- Generated by org.testng.reporters.JUnitXMLReporter -->
<testsuite hostname="04927A-ASANGWAN" failures="0" tests="9" name="Default test" time="13.248" errors="0" timestamp="23 Jul 2018 23:57:41 GMT">
  <testcase classname="testLib.LoginPageTests" name="navigateToLoginTest" time="1.185"/>
  <testcase classname="testLib.LoginPageTests" name="loginWithEmptyCredentialsTest" time="0.17"/>
  <testcase classname="testLib.LoginPageTests" name="loginWithInvalidCredentialsTest" time="0.659"/>
  <testcase classname="testLib.LoginPageTests" name="loginWithUnregisteredCredentialsTest" time="0.691"/>
  <testcase classname="testLib.LoginPageTests" name="verifyForgotPasswordLinkTest" time="0.566"/>
  <testcase classname="testLib.LoginPageTests" name="verifySignUpLinkTest" time="2.276"/>
  <testcase classname="testLib.LoginPageTests" name="verifyPrivacyPolicyLinkTest" time="1.653"/>
  <testcase classname="testLib.LoginPageTests" name="verifyTermsAndConditionsLinkTest" time="0.835"/>
  <testcase classname="testLib.LoginPageTests" name="loginWithValidCredentialsTest" time="1.438"/>
</testsuite> <!-- Default test -->
