<?xml version="1.0" encoding="UTF-8"?>
<!-- Generated by org.testng.reporters.JUnitXMLReporter -->
<testsuite hostname="04927A-ASANGWAN" failures="0" tests="13" name="Test" time="26.405" errors="0" timestamp="24 Jul 2018 00:29:02 GMT">
  <testcase classname="testLib.HomePageTests" name="LoginButtonEnabledTest" time="0.074"/>
  <testcase classname="testLib.HomePageTests" name="LoginButtonDisplayedTest" time="0.025"/>
  <testcase classname="testLib.HomePageTests" name="LoginButtonFunctionalityTest" time="1.017"/>
  <testcase classname="testLib.HomePageTests" name="NavigateBackToHomePageTest" time="0.71"/>
  <testcase classname="testLib.LoginPageTests" name="navigateToLoginTest" time="1.029"/>
  <testcase classname="testLib.LoginPageTests" name="loginWithEmptyCredentialsTest" time="0.21"/>
  <testcase classname="testLib.LoginPageTests" name="loginWithInvalidCredentialsTest" time="0.583"/>
  <testcase classname="testLib.LoginPageTests" name="loginWithUnregisteredCredentialsTest" time="0.671"/>
  <testcase classname="testLib.LoginPageTests" name="verifyForgotPasswordLinkTest" time="0.702"/>
  <testcase classname="testLib.LoginPageTests" name="verifySignUpLinkTest" time="2.459"/>
  <testcase classname="testLib.LoginPageTests" name="verifyPrivacyPolicyLinkTest" time="1.208"/>
  <testcase classname="testLib.LoginPageTests" name="verifyTermsAndConditionsLinkTest" time="1.228"/>
  <testcase classname="testLib.LoginPageTests" name="loginWithValidCredentialsTest" time="1.61"/>
</testsuite> <!-- Test -->
