<?xml version="1.0" encoding="UTF-8"?>
<!-- Generated by org.testng.reporters.JUnitXMLReporter -->
<testsuite hostname="04927A-ASANGWAN" failures="0" tests="13" name="Test" time="20.335" errors="0" timestamp="24 Jul 2018 00:04:54 GMT">
  <testcase classname="testLib.HomePageTests" name="LoginButtonEnabledTest" time="0.098"/>
  <testcase classname="testLib.HomePageTests" name="LoginButtonDisplayedTest" time="0.044"/>
  <testcase classname="testLib.HomePageTests" name="LoginButtonFunctionalityTest" time="1.06"/>
  <testcase classname="testLib.HomePageTests" name="NavigateBackToHomePageTest" time="1.795"/>
  <testcase classname="testLib.LoginPageTests" name="navigateToLoginTest" time="0.932"/>
  <testcase classname="testLib.LoginPageTests" name="loginWithEmptyCredentialsTest" time="0.326"/>
  <testcase classname="testLib.LoginPageTests" name="loginWithInvalidCredentialsTest" time="0.653"/>
  <testcase classname="testLib.LoginPageTests" name="loginWithUnregisteredCredentialsTest" time="0.689"/>
  <testcase classname="testLib.LoginPageTests" name="verifyForgotPasswordLinkTest" time="0.641"/>
  <testcase classname="testLib.LoginPageTests" name="verifySignUpLinkTest" time="2.512"/>
  <testcase classname="testLib.LoginPageTests" name="verifyPrivacyPolicyLinkTest" time="1.4"/>
  <testcase classname="testLib.LoginPageTests" name="verifyTermsAndConditionsLinkTest" time="0.86"/>
  <testcase classname="testLib.LoginPageTests" name="loginWithValidCredentialsTest" time="1.479"/>
</testsuite> <!-- Test -->
