<?xml version="1.0" encoding="UTF-8"?>
<testng-results total="1" passed="1" failed="0" skipped="0">
  <reporter-output>
  </reporter-output>
  <suite started-at="2018-07-23T18:53:16Z" name="Suite" finished-at="2018-07-23T18:53:19Z" duration-ms="3689">
    <groups>
    </groups>
    <test started-at="2018-07-23T18:53:16Z" name="Test" finished-at="2018-07-23T18:53:19Z" duration-ms="3689">
      <class name="testLib.LoginTests">
        <test-method is-config="true" signature="setUp()[pri:0, instance:testLib.LoginTests@ae13544]" started-at="2018-07-24T00:23:16Z" name="setUp" finished-at="2018-07-24T00:23:19Z" duration-ms="3675" status="PASS">
          <reporter-output>
          </reporter-output>
        </test-method> <!-- setUp -->
        <test-method signature="browserLaunch()[pri:0, instance:testLib.LoginTests@ae13544]" started-at="2018-07-24T00:23:19Z" name="browserLaunch" finished-at="2018-07-24T00:23:19Z" duration-ms="6" status="PASS">
          <reporter-output>
          </reporter-output>
        </test-method> <!-- browserLaunch -->
      </class> <!-- testLib.LoginTests -->
    </test> <!-- Test -->
  </suite> <!-- Suite -->
</testng-results>
